<?xml version="1.0" encoding="UTF-8" ?>
<testsuite failures="0" time="0.012" errors="0" skipped="0" tests="1" name="com.imdbfavourites.my.imdb.AppTest">
  <properties>
    <property name="java.runtime.name" value="Java(TM) SE Runtime Environment"/>
    <property name="sun.boot.library.path" value="/Library/Java/JavaVirtualMachines/jdk1.7.0_11.jdk/Contents/Home/jre/lib"/>
    <property name="java.vm.version" value="23.6-b04"/>
    <property name="user.country.format" value="NO"/>
    <property name="gopherProxySet" value="false"/>
    <property name="java.vm.vendor" value="Oracle Corporation"/>
    <property name="java.vendor.url" value="http://java.oracle.com/"/>
    <property name="path.separator" value=":"/>
    <property name="java.vm.name" value="Java HotSpot(TM) 64-Bit Server VM"/>
    <property name="file.encoding.pkg" value="sun.io"/>
    <property name="user.country" value="US"/>
    <property name="sun.java.launcher" value="SUN_STANDARD"/>
    <property name="sun.os.patch.level" value="unknown"/>
    <property name="java.vm.specification.name" value="Java Virtual Machine Specification"/>
    <property name="user.dir" value="/Users/master/Projects/IMDB-1/IMDbMyFavourites"/>
    <property name="java.runtime.version" value="1.7.0_11-b21"/>
    <property name="java.awt.graphicsenv" value="sun.awt.CGraphicsEnvironment"/>
    <property name="basedir" value="/Users/master/Projects/IMDB-1/IMDbMyFavourites"/>
    <property name="java.endorsed.dirs" value="/Library/Java/JavaVirtualMachines/jdk1.7.0_11.jdk/Contents/Home/jre/lib/endorsed"/>
    <property name="os.arch" value="x86_64"/>
    <property name="surefire.real.class.path" value="/Users/master/Projects/IMDB-1/IMDbMyFavourites/target/surefire/surefirebooter7243924821753812565.jar"/>
    <property name="java.io.tmpdir" value="/var/folders/bl/l950xsl158q_5pvbqk0dnpm80000gn/T/"/>
    <property name="line.separator" value="
"/>
    <property name="java.vm.specification.vendor" value="Oracle Corporation"/>
    <property name="os.name" value="Mac OS X"/>
    <property name="sun.jnu.encoding" value="UTF-8"/>
    <property name="java.library.path" value="/Users/master/Library/Java/Extensions:/Library/Java/Extensions:/Network/Library/Java/Extensions:/System/Library/Java/Extensions:/usr/lib/java:."/>
    <property name="surefire.test.class.path" value="/Users/master/Projects/IMDB-1/IMDbMyFavourites/target/test-classes:/Users/master/Projects/IMDB-1/IMDbMyFavourites/target/classes:/Users/master/.m2/repository/junit/junit/3.8.1/junit-3.8.1.jar:/Users/master/.m2/repository/com/googlecode/charts4j/charts4j/1.3/charts4j-1.3.jar:/Users/master/.m2/repository/com/omdbapi/omdbapi/0.3.0/omdbapi-0.3.0.jar:/Users/master/.m2/repository/org/json/json/20090211/json-20090211.jar:/Users/master/.m2/repository/org/apache/httpcomponents/httpclient/4.2.2/httpclient-4.2.2.jar:/Users/master/.m2/repository/org/apache/httpcomponents/httpcore/4.2.2/httpcore-4.2.2.jar:/Users/master/.m2/repository/commons-logging/commons-logging/1.1.1/commons-logging-1.1.1.jar:/Users/master/.m2/repository/commons-codec/commons-codec/1.6/commons-codec-1.6.jar:/Users/master/.m2/repository/org/apache/openejb/ziplock/1.5.1/ziplock-1.5.1.jar:/Users/master/.m2/repository/org/jboss/shrinkwrap/shrinkwrap-api/1.1.1-alpha-2/shrinkwrap-api-1.1.1-alpha-2.jar:/Users/master/.m2/repository/org/apache/openejb/openejb-jee/4.5.1/openejb-jee-4.5.1.jar:/Users/master/.m2/repository/com/sun/xml/bind/jaxb-impl/2.2.6/jaxb-impl-2.2.6.jar:/Users/master/.m2/repository/org/apache/openejb/javaee-api/6.0-4/javaee-api-6.0-4.jar:/Users/master/.m2/repository/com/fasterxml/jackson/core/jackson-core/2.1.2/jackson-core-2.1.2.jar:/Users/master/.m2/repository/com/fasterxml/jackson/module/jackson-module-jaxb-annotations/2.1.2/jackson-module-jaxb-annotations-2.1.2.jar:/Users/master/.m2/repository/com/fasterxml/jackson/core/jackson-databind/2.1.2/jackson-databind-2.1.2.jar:/Users/master/.m2/repository/com/fasterxml/jackson/core/jackson-annotations/2.1.1/jackson-annotations-2.1.1.jar:/Users/master/.m2/repository/postgresql/postgresql/9.1-901.jdbc4/postgresql-9.1-901.jdbc4.jar:"/>
    <property name="java.specification.name" value="Java Platform API Specification"/>
    <property name="java.class.version" value="51.0"/>
    <property name="sun.management.compiler" value="HotSpot 64-Bit Tiered Compilers"/>
    <property name="os.version" value="10.7.5"/>
    <property name="http.nonProxyHosts" value="local|*.local|169.254/16|*.169.254/16"/>
    <property name="user.home" value="/Users/master"/>
    <property name="user.timezone" value=""/>
    <property name="java.awt.printerjob" value="sun.lwawt.macosx.CPrinterJob"/>
    <property name="java.specification.version" value="1.7"/>
    <property name="file.encoding" value="UTF-8"/>
    <property name="user.name" value="master"/>
    <property name="java.class.path" value="/Users/master/Projects/IMDB-1/IMDbMyFavourites/target/test-classes:/Users/master/Projects/IMDB-1/IMDbMyFavourites/target/classes:/Users/master/.m2/repository/junit/junit/3.8.1/junit-3.8.1.jar:/Users/master/.m2/repository/com/googlecode/charts4j/charts4j/1.3/charts4j-1.3.jar:/Users/master/.m2/repository/com/omdbapi/omdbapi/0.3.0/omdbapi-0.3.0.jar:/Users/master/.m2/repository/org/json/json/20090211/json-20090211.jar:/Users/master/.m2/repository/org/apache/httpcomponents/httpclient/4.2.2/httpclient-4.2.2.jar:/Users/master/.m2/repository/org/apache/httpcomponents/httpcore/4.2.2/httpcore-4.2.2.jar:/Users/master/.m2/repository/commons-logging/commons-logging/1.1.1/commons-logging-1.1.1.jar:/Users/master/.m2/repository/commons-codec/commons-codec/1.6/commons-codec-1.6.jar:/Users/master/.m2/repository/org/apache/openejb/ziplock/1.5.1/ziplock-1.5.1.jar:/Users/master/.m2/repository/org/jboss/shrinkwrap/shrinkwrap-api/1.1.1-alpha-2/shrinkwrap-api-1.1.1-alpha-2.jar:/Users/master/.m2/repository/org/apache/openejb/openejb-jee/4.5.1/openejb-jee-4.5.1.jar:/Users/master/.m2/repository/com/sun/xml/bind/jaxb-impl/2.2.6/jaxb-impl-2.2.6.jar:/Users/master/.m2/repository/org/apache/openejb/javaee-api/6.0-4/javaee-api-6.0-4.jar:/Users/master/.m2/repository/com/fasterxml/jackson/core/jackson-core/2.1.2/jackson-core-2.1.2.jar:/Users/master/.m2/repository/com/fasterxml/jackson/module/jackson-module-jaxb-annotations/2.1.2/jackson-module-jaxb-annotations-2.1.2.jar:/Users/master/.m2/repository/com/fasterxml/jackson/core/jackson-databind/2.1.2/jackson-databind-2.1.2.jar:/Users/master/.m2/repository/com/fasterxml/jackson/core/jackson-annotations/2.1.1/jackson-annotations-2.1.1.jar:/Users/master/.m2/repository/postgresql/postgresql/9.1-901.jdbc4/postgresql-9.1-901.jdbc4.jar:"/>
    <property name="java.vm.specification.version" value="1.7"/>
    <property name="sun.arch.data.model" value="64"/>
    <property name="java.home" value="/Library/Java/JavaVirtualMachines/jdk1.7.0_11.jdk/Contents/Home/jre"/>
    <property name="sun.java.command" value="/Users/master/Projects/IMDB-1/IMDbMyFavourites/target/surefire/surefirebooter7243924821753812565.jar /Users/master/Projects/IMDB-1/IMDbMyFavourites/target/surefire/surefire2659047344440992272tmp /Users/master/Projects/IMDB-1/IMDbMyFavourites/target/surefire/surefire1839227716891183424tmp"/>
    <property name="java.specification.vendor" value="Oracle Corporation"/>
    <property name="user.language" value="en"/>
    <property name="awt.toolkit" value="sun.lwawt.macosx.LWCToolkit"/>
    <property name="java.vm.info" value="mixed mode"/>
    <property name="java.version" value="1.7.0_11"/>
    <property name="java.ext.dirs" value="/Users/master/Library/Java/Extensions:/Library/Java/JavaVirtualMachines/jdk1.7.0_11.jdk/Contents/Home/jre/lib/ext:/Library/Java/Extensions:/Network/Library/Java/Extensions:/System/Library/Java/Extensions:/usr/lib/java"/>
    <property name="sun.boot.class.path" value="/Library/Java/JavaVirtualMachines/jdk1.7.0_11.jdk/Contents/Home/jre/lib/resources.jar:/Library/Java/JavaVirtualMachines/jdk1.7.0_11.jdk/Contents/Home/jre/lib/rt.jar:/Library/Java/JavaVirtualMachines/jdk1.7.0_11.jdk/Contents/Home/jre/lib/sunrsasign.jar:/Library/Java/JavaVirtualMachines/jdk1.7.0_11.jdk/Contents/Home/jre/lib/jsse.jar:/Library/Java/JavaVirtualMachines/jdk1.7.0_11.jdk/Contents/Home/jre/lib/jce.jar:/Library/Java/JavaVirtualMachines/jdk1.7.0_11.jdk/Contents/Home/jre/lib/charsets.jar:/Library/Java/JavaVirtualMachines/jdk1.7.0_11.jdk/Contents/Home/jre/lib/jfr.jar:/Library/Java/JavaVirtualMachines/jdk1.7.0_11.jdk/Contents/Home/jre/lib/JObjC.jar:/Library/Java/JavaVirtualMachines/jdk1.7.0_11.jdk/Contents/Home/jre/classes"/>
    <property name="java.vendor" value="Oracle Corporation"/>
    <property name="localRepository" value="/Users/master/.m2/repository"/>
    <property name="file.separator" value="/"/>
    <property name="java.vendor.url.bug" value="http://bugreport.sun.com/bugreport/"/>
    <property name="sun.cpu.endian" value="little"/>
    <property name="sun.io.unicode.encoding" value="UnicodeBig"/>
    <property name="socksNonProxyHosts" value="local|*.local|169.254/16|*.169.254/16"/>
    <property name="ftp.nonProxyHosts" value="local|*.local|169.254/16|*.169.254/16"/>
    <property name="sun.cpu.isalist" value=""/>
  </properties>
  <testcase time="0.002" classname="com.imdbfavourites.my.imdb.AppTest" name="testApp"/>
</testsuite>